<?xml version="1.0" encoding="UTF-8"?>
<testsuites name="01_Login" time="13.269" tests="1" failures="1" errors="0">
   <testsuite name="01_Login" tests="1" failures="1" errors="0" time="13.269" timestamp="2019-11-08 08:58:37" hostname="lozturk - 172.18.6.22" id="Test Suites/01_Login">
      <properties>
         <property name="deviceName" value=""/>
         <property name="devicePlatform" value=""/>
         <property name="logFolder" value="/Users/lozturk/git/KatalonBakeryTest/Reports/20191108_085835/01_Login/20191108_085835"/>
         <property name="logFiles" value="/Users/lozturk/git/KatalonBakeryTest/Reports/20191108_085835/01_Login/20191108_085835/execution0.log"/>
         <property name="attachments" value=""/>
         <property name="hostName" value="lozturk - 172.18.6.22"/>
         <property name="os" value="Mac OS X 64bit"/>
         <property name="katalonVersion" value="7.0.5.1"/>
         <property name="browser" value="Chrome 78.0.3904.97"/>
         <property name="hostAddress" value="172.18.6.22"/>
         <property name="sessionId" value="65d5c4e1d74723ace271f6d3f199d056"/>
         <property name="seleniumVersion" value="3.141.59"/>
         <property name="proxyInformation" value="ProxyInformation{proxyOption=NO_PROXY, proxyServerType=HTTP, password=, proxyServerAddress=, proxyServerPort=0}"/>
         <property name="platform" value="Mac OS X"/>
      </properties>
      <testcase name="Test Cases/02_First Sample UI_Red/Login_User_Test" time="12.95" classname="Test Cases/02_First Sample UI_Red/Login_User_Test" status="FAILED">
         <failure type="FAILED" message="Test Cases/02_First Sample UI_Red/Login_User_Test FAILED.
Reason:
com.kms.katalon.core.exception.StepFailedException: Actual text 'https://bakery.demo.vaadin.com/#!storefront' and expected text 'https://bakery.demo.vaadin.com/#!dashboard' are not matched
	at com.kms.katalon.core.keyword.builtin.VerifyMatchKeyword$_verifyMatch_closure1.doCall(VerifyMatchKeyword.groovy:57)
	at com.kms.katalon.core.keyword.builtin.VerifyMatchKeyword$_verifyMatch_closure1.call(VerifyMatchKeyword.groovy)
	at com.kms.katalon.core.keyword.internal.KeywordMain.runKeyword(KeywordMain.groovy:68)
	at com.kms.katalon.core.keyword.builtin.VerifyMatchKeyword.verifyMatch(VerifyMatchKeyword.groovy:60)
	at com.kms.katalon.core.keyword.builtin.VerifyMatchKeyword.execute(VerifyMatchKeyword.groovy:45)
	at com.kms.katalon.core.keyword.internal.KeywordExecutor.executeKeywordForPlatform(KeywordExecutor.groovy:60)
	at com.kms.katalon.core.keyword.BuiltinKeywords.verifyMatch(BuiltinKeywords.groovy:73)
	at Login_User_Test.run(Login_User_Test:36)
	at com.kms.katalon.core.main.ScriptEngine.run(ScriptEngine.java:194)
	at com.kms.katalon.core.main.ScriptEngine.runScriptAsRawText(ScriptEngine.java:119)
	at com.kms.katalon.core.main.TestCaseExecutor.runScript(TestCaseExecutor.java:337)
	at com.kms.katalon.core.main.TestCaseExecutor.doExecute(TestCaseExecutor.java:328)
	at com.kms.katalon.core.main.TestCaseExecutor.processExecutionPhase(TestCaseExecutor.java:307)
	at com.kms.katalon.core.main.TestCaseExecutor.accessMainPhase(TestCaseExecutor.java:299)
	at com.kms.katalon.core.main.TestCaseExecutor.execute(TestCaseExecutor.java:233)
	at com.kms.katalon.core.main.TestSuiteExecutor.accessTestCaseMainPhase(TestSuiteExecutor.java:169)
	at com.kms.katalon.core.main.TestSuiteExecutor.accessTestSuiteMainPhase(TestSuiteExecutor.java:142)
	at com.kms.katalon.core.main.TestSuiteExecutor.execute(TestSuiteExecutor.java:91)
	at com.kms.katalon.core.main.TestCaseMain.startTestSuite(TestCaseMain.java:157)
	at com.kms.katalon.core.main.TestCaseMain$startTestSuite$0.call(Unknown Source)
	at TempTestSuite1573221515611.run(TempTestSuite1573221515611.groovy:36)
"/>
         <system-out><![CDATA[2019-11-08 08:58:37 - [TEST_CASE][FAILED] - Test Cases/02_First Sample UI_Red/Login_User_Test: Test Cases/02_First Sample UI_Red/Login_User_Test FAILED.
Reason:
com.kms.katalon.core.exception.StepFailedException: Actual text 'https://bakery.demo.vaadin.com/#!storefront' and expected text 'https://bakery.demo.vaadin.com/#!dashboard' are not matched
	at com.kms.katalon.core.keyword.builtin.VerifyMatchKeyword$_verifyMatch_closure1.doCall(VerifyMatchKeyword.groovy:57)
	at com.kms.katalon.core.keyword.builtin.VerifyMatchKeyword$_verifyMatch_closure1.call(VerifyMatchKeyword.groovy)
	at com.kms.katalon.core.keyword.internal.KeywordMain.runKeyword(KeywordMain.groovy:68)
	at com.kms.katalon.core.keyword.builtin.VerifyMatchKeyword.verifyMatch(VerifyMatchKeyword.groovy:60)
	at com.kms.katalon.core.keyword.builtin.VerifyMatchKeyword.execute(VerifyMatchKeyword.groovy:45)
	at com.kms.katalon.core.keyword.internal.KeywordExecutor.executeKeywordForPlatform(KeywordExecutor.groovy:60)
	at com.kms.katalon.core.keyword.BuiltinKeywords.verifyMatch(BuiltinKeywords.groovy:73)
	at Login_User_Test.run(Login_User_Test:36)
	at com.kms.katalon.core.main.ScriptEngine.run(ScriptEngine.java:194)
	at com.kms.katalon.core.main.ScriptEngine.runScriptAsRawText(ScriptEngine.java:119)
	at com.kms.katalon.core.main.TestCaseExecutor.runScript(TestCaseExecutor.java:337)
	at com.kms.katalon.core.main.TestCaseExecutor.doExecute(TestCaseExecutor.java:328)
	at com.kms.katalon.core.main.TestCaseExecutor.processExecutionPhase(TestCaseExecutor.java:307)
	at com.kms.katalon.core.main.TestCaseExecutor.accessMainPhase(TestCaseExecutor.java:299)
	at com.kms.katalon.core.main.TestCaseExecutor.execute(TestCaseExecutor.java:233)
	at com.kms.katalon.core.main.TestSuiteExecutor.accessTestCaseMainPhase(TestSuiteExecutor.java:169)
	at com.kms.katalon.core.main.TestSuiteExecutor.accessTestSuiteMainPhase(TestSuiteExecutor.java:142)
	at com.kms.katalon.core.main.TestSuiteExecutor.execute(TestSuiteExecutor.java:91)
	at com.kms.katalon.core.main.TestCaseMain.startTestSuite(TestCaseMain.java:157)
	at com.kms.katalon.core.main.TestCaseMain$startTestSuite$0.call(Unknown Source)
	at TempTestSuite1573221515611.run(TempTestSuite1573221515611.groovy:36)


2019-11-08 08:58:37 - [TEST_STEP][PASSED] - openBrowser(""): Browser is opened with url: ''

2019-11-08 08:58:38 - [MESSAGE][INFO] - Starting 'Chrome' driver

2019-11-08 08:58:38 - [MESSAGE][INFO] - Action delay is set to 0 seconds

2019-11-08 08:58:39 - [MESSAGE][PASSED] - Browser is opened with url: ''

2019-11-08 08:58:39 - [TEST_STEP][PASSED] - navigateToUrl("https://bakery.demo.vaadin.com/login.html"): Navigate to 'https://bakery.demo.vaadin.com/login.html' successfully

2019-11-08 08:58:42 - [MESSAGE][PASSED] - Navigate to 'https://bakery.demo.vaadin.com/login.html' successfully

2019-11-08 08:58:42 - [TEST_STEP][PASSED] - setText(findTestObject("02_Second UI/Page_Bakery/input_Email_username"), "barista@vaadin.com"): Text 'barista@vaadin.com' is set on object 'Object Repository/02_Second UI/Page_Bakery/input_Email_username'

2019-11-08 08:58:42 - [MESSAGE][PASSED] - Text 'barista@vaadin.com' is set on object 'Object Repository/02_Second UI/Page_Bakery/input_Email_username'

2019-11-08 08:58:42 - [TEST_STEP][PASSED] - setEncryptedText(findTestObject("02_Second UI/Page_Bakery/input_Password_password"), "aAAOQOuXuiQ="): Text ****** has been set on object 'Object Repository/02_Second UI/Page_Bakery/input_Password_password'

2019-11-08 08:58:43 - [MESSAGE][PASSED] - Text ****** has been set on object 'Object Repository/02_Second UI/Page_Bakery/input_Password_password'

2019-11-08 08:58:43 - [TEST_STEP][PASSED] - click(findTestObject("02_Second UI/Page_Bakery/button_Sign in")): Object: 'Object Repository/02_Second UI/Page_Bakery/button_Sign in' is clicked on

2019-11-08 08:58:48 - [MESSAGE][PASSED] - Object: 'Object Repository/02_Second UI/Page_Bakery/button_Sign in' is clicked on

2019-11-08 08:58:48 - [TEST_STEP][PASSED] - click(findTestObject("02_Second UI/Page_Bakery/div_Storefront")): Object: 'Object Repository/02_Second UI/Page_Bakery/div_Storefront' is clicked on

2019-11-08 08:58:49 - [MESSAGE][PASSED] - Object: 'Object Repository/02_Second UI/Page_Bakery/div_Storefront' is clicked on

2019-11-08 08:58:49 - [TEST_STEP][PASSED] - verifyMatch(getUrl(), "https://bakery.demo.vaadin.com/#!storefront", false): Actual text 'https://bakery.demo.vaadin.com/#!storefront' and expected text 'https://bakery.demo.vaadin.com/#!storefront' are matched 

2019-11-08 08:58:49 - [MESSAGE][PASSED] - Current window's url is: 'https://bakery.demo.vaadin.com/#!storefront'

2019-11-08 08:58:49 - [MESSAGE][PASSED] - Actual text 'https://bakery.demo.vaadin.com/#!storefront' and expected text 'https://bakery.demo.vaadin.com/#!storefront' are matched 

2019-11-08 08:58:49 - [TEST_STEP][PASSED] - click(findTestObject("02_Second UI/Page_Bakery/div_Dashboard")): Object: 'Object Repository/02_Second UI/Page_Bakery/div_Dashboard' is clicked on

2019-11-08 08:58:50 - [MESSAGE][PASSED] - Object: 'Object Repository/02_Second UI/Page_Bakery/div_Dashboard' is clicked on

2019-11-08 08:58:50 - [TEST_STEP][FAILED] - verifyMatch(getUrl(), "https://bakery.demo.vaadin.com/#!dashboard", false): Unable to verify match between actual text 'https://bakery.demo.vaadin.com/#!storefront' and expected text 'https://bakery.demo.vaadin.com/#!dashboard' (Root cause: com.kms.katalon.core.exception.StepFailedException: Actual text 'https://bakery.demo.vaadin.com/#!storefront' and expected text 'https://bakery.demo.vaadin.com/#!dashboard' are not matched
	at com.kms.katalon.core.keyword.builtin.VerifyMatchKeyword$_verifyMatch_closure1.doCall(VerifyMatchKeyword.groovy:57)
	at com.kms.katalon.core.keyword.builtin.VerifyMatchKeyword$_verifyMatch_closure1.call(VerifyMatchKeyword.groovy)
	at com.kms.katalon.core.keyword.internal.KeywordMain.runKeyword(KeywordMain.groovy:68)
	at com.kms.katalon.core.keyword.builtin.VerifyMatchKeyword.verifyMatch(VerifyMatchKeyword.groovy:60)
	at com.kms.katalon.core.keyword.builtin.VerifyMatchKeyword.execute(VerifyMatchKeyword.groovy:45)
	at com.kms.katalon.core.keyword.internal.KeywordExecutor.executeKeywordForPlatform(KeywordExecutor.groovy:60)
	at com.kms.katalon.core.keyword.BuiltinKeywords.verifyMatch(BuiltinKeywords.groovy:73)
	at Login_User_Test.run(Login_User_Test:36)
	at com.kms.katalon.core.main.ScriptEngine.run(ScriptEngine.java:194)
	at com.kms.katalon.core.main.ScriptEngine.runScriptAsRawText(ScriptEngine.java:119)
	at com.kms.katalon.core.main.TestCaseExecutor.runScript(TestCaseExecutor.java:337)
	at com.kms.katalon.core.main.TestCaseExecutor.doExecute(TestCaseExecutor.java:328)
	at com.kms.katalon.core.main.TestCaseExecutor.processExecutionPhase(TestCaseExecutor.java:307)
	at com.kms.katalon.core.main.TestCaseExecutor.accessMainPhase(TestCaseExecutor.java:299)
	at com.kms.katalon.core.main.TestCaseExecutor.execute(TestCaseExecutor.java:233)
	at com.kms.katalon.core.main.TestSuiteExecutor.accessTestCaseMainPhase(TestSuiteExecutor.java:169)
	at com.kms.katalon.core.main.TestSuiteExecutor.accessTestSuiteMainPhase(TestSuiteExecutor.java:142)
	at com.kms.katalon.core.main.TestSuiteExecutor.execute(TestSuiteExecutor.java:91)
	at com.kms.katalon.core.main.TestCaseMain.startTestSuite(TestCaseMain.java:157)
	at com.kms.katalon.core.main.TestCaseMain$startTestSuite$0.call(Unknown Source)
	at TempTestSuite1573221515611.run(TempTestSuite1573221515611.groovy:36)
)

2019-11-08 08:58:50 - [MESSAGE][PASSED] - Current window's url is: 'https://bakery.demo.vaadin.com/#!storefront'

2019-11-08 08:58:50 - [MESSAGE][FAILED] - Unable to verify match between actual text 'https://bakery.demo.vaadin.com/#!storefront' and expected text 'https://bakery.demo.vaadin.com/#!dashboard' (Root cause: com.kms.katalon.core.exception.StepFailedException: Actual text 'https://bakery.demo.vaadin.com/#!storefront' and expected text 'https://bakery.demo.vaadin.com/#!dashboard' are not matched
	at com.kms.katalon.core.keyword.builtin.VerifyMatchKeyword$_verifyMatch_closure1.doCall(VerifyMatchKeyword.groovy:57)
	at com.kms.katalon.core.keyword.builtin.VerifyMatchKeyword$_verifyMatch_closure1.call(VerifyMatchKeyword.groovy)
	at com.kms.katalon.core.keyword.internal.KeywordMain.runKeyword(KeywordMain.groovy:68)
	at com.kms.katalon.core.keyword.builtin.VerifyMatchKeyword.verifyMatch(VerifyMatchKeyword.groovy:60)
	at com.kms.katalon.core.keyword.builtin.VerifyMatchKeyword.execute(VerifyMatchKeyword.groovy:45)
	at com.kms.katalon.core.keyword.internal.KeywordExecutor.executeKeywordForPlatform(KeywordExecutor.groovy:60)
	at com.kms.katalon.core.keyword.BuiltinKeywords.verifyMatch(BuiltinKeywords.groovy:73)
	at Login_User_Test.run(Login_User_Test:36)
	at com.kms.katalon.core.main.ScriptEngine.run(ScriptEngine.java:194)
	at com.kms.katalon.core.main.ScriptEngine.runScriptAsRawText(ScriptEngine.java:119)
	at com.kms.katalon.core.main.TestCaseExecutor.runScript(TestCaseExecutor.java:337)
	at com.kms.katalon.core.main.TestCaseExecutor.doExecute(TestCaseExecutor.java:328)
	at com.kms.katalon.core.main.TestCaseExecutor.processExecutionPhase(TestCaseExecutor.java:307)
	at com.kms.katalon.core.main.TestCaseExecutor.accessMainPhase(TestCaseExecutor.java:299)
	at com.kms.katalon.core.main.TestCaseExecutor.execute(TestCaseExecutor.java:233)
	at com.kms.katalon.core.main.TestSuiteExecutor.accessTestCaseMainPhase(TestSuiteExecutor.java:169)
	at com.kms.katalon.core.main.TestSuiteExecutor.accessTestSuiteMainPhase(TestSuiteExecutor.java:142)
	at com.kms.katalon.core.main.TestSuiteExecutor.execute(TestSuiteExecutor.java:91)
	at com.kms.katalon.core.main.TestCaseMain.startTestSuite(TestCaseMain.java:157)
	at com.kms.katalon.core.main.TestCaseMain$startTestSuite$0.call(Unknown Source)
	at TempTestSuite1573221515611.run(TempTestSuite1573221515611.groovy:36)
)]]></system-out>
         <system-err><![CDATA[2019-11-08 08:58:37 - [TEST_CASE][FAILED] - Test Cases/02_First Sample UI_Red/Login_User_Test: Test Cases/02_First Sample UI_Red/Login_User_Test FAILED.
Reason:
com.kms.katalon.core.exception.StepFailedException: Actual text 'https://bakery.demo.vaadin.com/#!storefront' and expected text 'https://bakery.demo.vaadin.com/#!dashboard' are not matched
	at com.kms.katalon.core.keyword.builtin.VerifyMatchKeyword$_verifyMatch_closure1.doCall(VerifyMatchKeyword.groovy:57)
	at com.kms.katalon.core.keyword.builtin.VerifyMatchKeyword$_verifyMatch_closure1.call(VerifyMatchKeyword.groovy)
	at com.kms.katalon.core.keyword.internal.KeywordMain.runKeyword(KeywordMain.groovy:68)
	at com.kms.katalon.core.keyword.builtin.VerifyMatchKeyword.verifyMatch(VerifyMatchKeyword.groovy:60)
	at com.kms.katalon.core.keyword.builtin.VerifyMatchKeyword.execute(VerifyMatchKeyword.groovy:45)
	at com.kms.katalon.core.keyword.internal.KeywordExecutor.executeKeywordForPlatform(KeywordExecutor.groovy:60)
	at com.kms.katalon.core.keyword.BuiltinKeywords.verifyMatch(BuiltinKeywords.groovy:73)
	at Login_User_Test.run(Login_User_Test:36)
	at com.kms.katalon.core.main.ScriptEngine.run(ScriptEngine.java:194)
	at com.kms.katalon.core.main.ScriptEngine.runScriptAsRawText(ScriptEngine.java:119)
	at com.kms.katalon.core.main.TestCaseExecutor.runScript(TestCaseExecutor.java:337)
	at com.kms.katalon.core.main.TestCaseExecutor.doExecute(TestCaseExecutor.java:328)
	at com.kms.katalon.core.main.TestCaseExecutor.processExecutionPhase(TestCaseExecutor.java:307)
	at com.kms.katalon.core.main.TestCaseExecutor.accessMainPhase(TestCaseExecutor.java:299)
	at com.kms.katalon.core.main.TestCaseExecutor.execute(TestCaseExecutor.java:233)
	at com.kms.katalon.core.main.TestSuiteExecutor.accessTestCaseMainPhase(TestSuiteExecutor.java:169)
	at com.kms.katalon.core.main.TestSuiteExecutor.accessTestSuiteMainPhase(TestSuiteExecutor.java:142)
	at com.kms.katalon.core.main.TestSuiteExecutor.execute(TestSuiteExecutor.java:91)
	at com.kms.katalon.core.main.TestCaseMain.startTestSuite(TestCaseMain.java:157)
	at com.kms.katalon.core.main.TestCaseMain$startTestSuite$0.call(Unknown Source)
	at TempTestSuite1573221515611.run(TempTestSuite1573221515611.groovy:36)]]></system-err>
      </testcase>
      <system-out><![CDATA[2019-11-08 08:58:37 - [TEST_SUITE][FAILED] - 01_Login: Test Cases/02_First Sample UI_Red/Login_User_Test FAILED.
Reason:
com.kms.katalon.core.exception.StepFailedException: Actual text 'https://bakery.demo.vaadin.com/#!storefront' and expected text 'https://bakery.demo.vaadin.com/#!dashboard' are not matched
	at com.kms.katalon.core.keyword.builtin.VerifyMatchKeyword$_verifyMatch_closure1.doCall(VerifyMatchKeyword.groovy:57)
	at com.kms.katalon.core.keyword.builtin.VerifyMatchKeyword$_verifyMatch_closure1.call(VerifyMatchKeyword.groovy)
	at com.kms.katalon.core.keyword.internal.KeywordMain.runKeyword(KeywordMain.groovy:68)
	at com.kms.katalon.core.keyword.builtin.VerifyMatchKeyword.verifyMatch(VerifyMatchKeyword.groovy:60)
	at com.kms.katalon.core.keyword.builtin.VerifyMatchKeyword.execute(VerifyMatchKeyword.groovy:45)
	at com.kms.katalon.core.keyword.internal.KeywordExecutor.executeKeywordForPlatform(KeywordExecutor.groovy:60)
	at com.kms.katalon.core.keyword.BuiltinKeywords.verifyMatch(BuiltinKeywords.groovy:73)
	at Login_User_Test.run(Login_User_Test:36)
	at com.kms.katalon.core.main.ScriptEngine.run(ScriptEngine.java:194)
	at com.kms.katalon.core.main.ScriptEngine.runScriptAsRawText(ScriptEngine.java:119)
	at com.kms.katalon.core.main.TestCaseExecutor.runScript(TestCaseExecutor.java:337)
	at com.kms.katalon.core.main.TestCaseExecutor.doExecute(TestCaseExecutor.java:328)
	at com.kms.katalon.core.main.TestCaseExecutor.processExecutionPhase(TestCaseExecutor.java:307)
	at com.kms.katalon.core.main.TestCaseExecutor.accessMainPhase(TestCaseExecutor.java:299)
	at com.kms.katalon.core.main.TestCaseExecutor.execute(TestCaseExecutor.java:233)
	at com.kms.katalon.core.main.TestSuiteExecutor.accessTestCaseMainPhase(TestSuiteExecutor.java:169)
	at com.kms.katalon.core.main.TestSuiteExecutor.accessTestSuiteMainPhase(TestSuiteExecutor.java:142)
	at com.kms.katalon.core.main.TestSuiteExecutor.execute(TestSuiteExecutor.java:91)
	at com.kms.katalon.core.main.TestCaseMain.startTestSuite(TestCaseMain.java:157)
	at com.kms.katalon.core.main.TestCaseMain$startTestSuite$0.call(Unknown Source)
	at TempTestSuite1573221515611.run(TempTestSuite1573221515611.groovy:36)]]></system-out>
      <system-err><![CDATA[2019-11-08 08:58:37 - [TEST_SUITE][FAILED] - 01_Login: Test Cases/02_First Sample UI_Red/Login_User_Test FAILED.
Reason:
com.kms.katalon.core.exception.StepFailedException: Actual text 'https://bakery.demo.vaadin.com/#!storefront' and expected text 'https://bakery.demo.vaadin.com/#!dashboard' are not matched
	at com.kms.katalon.core.keyword.builtin.VerifyMatchKeyword$_verifyMatch_closure1.doCall(VerifyMatchKeyword.groovy:57)
	at com.kms.katalon.core.keyword.builtin.VerifyMatchKeyword$_verifyMatch_closure1.call(VerifyMatchKeyword.groovy)
	at com.kms.katalon.core.keyword.internal.KeywordMain.runKeyword(KeywordMain.groovy:68)
	at com.kms.katalon.core.keyword.builtin.VerifyMatchKeyword.verifyMatch(VerifyMatchKeyword.groovy:60)
	at com.kms.katalon.core.keyword.builtin.VerifyMatchKeyword.execute(VerifyMatchKeyword.groovy:45)
	at com.kms.katalon.core.keyword.internal.KeywordExecutor.executeKeywordForPlatform(KeywordExecutor.groovy:60)
	at com.kms.katalon.core.keyword.BuiltinKeywords.verifyMatch(BuiltinKeywords.groovy:73)
	at Login_User_Test.run(Login_User_Test:36)
	at com.kms.katalon.core.main.ScriptEngine.run(ScriptEngine.java:194)
	at com.kms.katalon.core.main.ScriptEngine.runScriptAsRawText(ScriptEngine.java:119)
	at com.kms.katalon.core.main.TestCaseExecutor.runScript(TestCaseExecutor.java:337)
	at com.kms.katalon.core.main.TestCaseExecutor.doExecute(TestCaseExecutor.java:328)
	at com.kms.katalon.core.main.TestCaseExecutor.processExecutionPhase(TestCaseExecutor.java:307)
	at com.kms.katalon.core.main.TestCaseExecutor.accessMainPhase(TestCaseExecutor.java:299)
	at com.kms.katalon.core.main.TestCaseExecutor.execute(TestCaseExecutor.java:233)
	at com.kms.katalon.core.main.TestSuiteExecutor.accessTestCaseMainPhase(TestSuiteExecutor.java:169)
	at com.kms.katalon.core.main.TestSuiteExecutor.accessTestSuiteMainPhase(TestSuiteExecutor.java:142)
	at com.kms.katalon.core.main.TestSuiteExecutor.execute(TestSuiteExecutor.java:91)
	at com.kms.katalon.core.main.TestCaseMain.startTestSuite(TestCaseMain.java:157)
	at com.kms.katalon.core.main.TestCaseMain$startTestSuite$0.call(Unknown Source)
	at TempTestSuite1573221515611.run(TempTestSuite1573221515611.groovy:36)]]></system-err>
   </testsuite>
</testsuites>
